; Top Design: "Assingment1_lib:BandPass_lumped_4GHz_10GHz:schematic"
; Netlisted using Hierarchy Policy: "Standard"

Options ResourceUsage=yes UseNutmegFormat=no EnableOptim=no TopDesignName="Assingment1_lib:BandPass_lumped_4GHz_10GHz:schematic" DcopOutputNodeVoltages=yes DcopOutputPinCurrents=yes DcopOutputAllSweepPoints=no DcopOutputDcopType=0

L1=1.567 nH

L3=2.781 nH

L4=758.7 pH
L:L1  N__0 N__10 L=L1 Noise=yes  
L:L2  N__10 0 L=L2 Noise=yes  
L:L3  N__4 N__11 L=L3 Noise=yes  
C:C1  N__6 N__0 C=C1 
C:C2  N__10 0 C=C2 
C:C3  N__10 N__4 C=C3 

L2=838.9 pH

L5=L3
L:L4  N__11 0 L=L4 Noise=yes  
C:C4  N__11 0 C=C4 
C:C5  N__11 N__14 C=C5 
L:L5  N__14 N__16 L=L5 Noise=yes  
Port:Term1  N__6 0 Num=1 Z=50 Ohm Noise=yes 
Port:Term2  N__9 0 Num=2 Z=50 Ohm Noise=yes 
S_Param:SP1 CalcS=yes CalcY=no CalcZ=no GroupDelayAperture=1e-4 FreqConversion=no FreqConversionPort=1 StatusLevel=2 CalcNoise=no SortNoise=0 BandwidthForNoise=1.0 Hz DevOpPtLevel=0 \
SweepVar="freq" SweepPlan="SP1_stim" OutputPlan="SP1_Output" 

SweepPlan: SP1_stim Start=1 GHz Stop=15 GHz Step=50 

OutputPlan:SP1_Output \
      Type="Output" \
      UseEquationNestLevel=yes \
      EquationNestLevel=2 \
      UseSavedEquationNestLevel=yes \
      SavedEquationNestLevel=2

#load "python","LinearCollapse"
Component Module="LinearCollapse" Type="ModelExtractor" NetworkRepresentation=2

L6=L2

L7=L1
L:L7  N__1 N__9 L=L7 Noise=yes  
L:L6  N__16 0 L=L6 Noise=yes  
C:C7  N__16 N__1 C=C7 
C:C6  N__16 0 C=C6 

C3=227.7 fF

C2=754.8 fF

C1=404.2 fF

C4=834.7 fF

C5=C3

C6=C2

C7=C1
