; Top Design: "LAB5_lib:ZMatch_1:schematic"
; Netlisted using Hierarchy Policy: "Standard"

Options ResourceUsage=yes UseNutmegFormat=no EnableOptim=no TopDesignName="LAB5_lib:ZMatch_1:schematic" DcopOutputNodeVoltages=yes DcopOutputPinCurrents=yes DcopOutputAllSweepPoints=no DcopOutputDcopType=0
; Library Name: LAB5_lib
; Cell Name: DA_SmithChartMatch1_ZMatch_1
; View Name: schematic
define DA_SmithChartMatch1_ZMatch_1 ( P1  P2 ) 
parameters  Fp=1 GHz  SourceType=0  SourceEnable=0  Rg=50 Ohm  Lg=1 nH  Cg=1 pF  Zg=(50+j*50) Ohm  SourceFile="ZSource.s1p"  SourceImpType=0  LoadType=5  LoadEnable=0  RL=50 Ohm  LL=1 nH  CL=1 pF  ZL=(100-j*100) Ohm  LoadFile="ZLoad.s1p"  LoadImpType=0  Z0=50 Ohm 
CAPQ:C1  P1 P2 C=367.547209 fF Q=500 F=5 GHz Mode=1 
#uselib "ckt" , "INDQ_Z"
INDQ_Z:L1  P2 0 L=8.355513 nH Q=20 F=5 GHz Mode=1 Rdc=0.0 Ohm 
end DA_SmithChartMatch1_ZMatch_1

; Library Name: LAB5_lib
; Cell Name: DA_SmithChartMatch2_ZMatch_1
; View Name: schematic
define DA_SmithChartMatch2_ZMatch_1 ( P1  P2 ) 
parameters  Fp=1 GHz  SourceType=0  SourceEnable=0  Rg=50 Ohm  Lg=1 nH  Cg=1 pF  Zg=(50+j*50) Ohm  SourceFile="ZSource.s1p"  SourceImpType=0  LoadType=5  LoadEnable=0  RL=50 Ohm  LL=1 nH  CL=1 pF  ZL=(100-j*100) Ohm  LoadFile="ZLoad.s1p"  LoadImpType=0  Z0=50 Ohm 
CAPQ:C1  P1 N__1 C=642.18642 fF Q=500 F=5 GHz Mode=1 
#uselib "ckt" , "INDQ_Z"
INDQ_Z:L1  N__1 0 L=3.150425 nH Q=20 F=5 GHz Mode=1 Rdc=0.0 Ohm 
CAPQ:C2  N__1 P2 C=318.309888 fF Q=500 F=5 GHz Mode=1 
end DA_SmithChartMatch2_ZMatch_1

Port:TermG1  N__2 0 Num=1 Z=50 Ohm Noise=yes 
Port:TermG2  N__3 0 Num=2 Z=100+ j*100 Ohm Noise=yes 
S_Param:SP1 CalcS=yes CalcY=no CalcZ=no GroupDelayAperture=1e-4 FreqConversion=no FreqConversionPort=1 StatusLevel=2 CalcNoise=no SortNoise=0 BandwidthForNoise=1.0 Hz DevOpPtLevel=0 \
SweepVar="freq" SweepPlan="SP1_stim" OutputPlan="SP1_Output" 

SweepPlan: SP1_stim Center=5 GHz Span=9 GHz Lin=201 

OutputPlan:SP1_Output \
      Type="Output" \
      UseEquationNestLevel=yes \
      EquationNestLevel=2 \
      UseSavedEquationNestLevel=yes \
      SavedEquationNestLevel=2

#load "python","LinearCollapse"
Component Module="LinearCollapse" Type="ModelExtractor" NetworkRepresentation=2
DA_SmithChartMatch1_ZMatch_1:DA_SmithChartMatch1  N__2 N__3 Fp=5 GHz SourceType=0 SourceEnable=1 Rg=50 Ohm Lg=1 nH Cg=1 pF Zg=50 Ohm SourceFile="ZSource.snp" SourceImpType=0 LoadType=8 LoadEnable=1 RL=100  LL=1 nH CL=1 pF ZL=(100+j*100) Ohm LoadFile="ZLoad.snp" LoadImpType=0 Z0=50 Ohm 
DA_SmithChartMatch2_ZMatch_1:DA_SmithChartMatch2  N__5 N__4 Fp=5 GHz SourceType=0 SourceEnable=1 Rg=50 Ohm Lg=1 nH Cg=1 pF Zg=50 Ohm SourceFile="ZSource.snp" SourceImpType=0 LoadType=8 LoadEnable=1 RL=100  LL=1 nH CL=1 pF ZL=(100+j*100) Ohm LoadFile="ZLoad.snp" LoadImpType=0 Z0=50 Ohm 
Port:TermG3  N__5 0 Num=3 Z=50 Ohm Noise=yes 
Port:TermG4  N__4 0 Num=4 Z=100+ j*100 Ohm Noise=yes 
