; Top Design: "Lab3_24567707_lib:BPF_Lumped:schematic"
; Netlisted using Hierarchy Policy: "Standard"

Options ResourceUsage=yes UseNutmegFormat=no EnableOptim=no TopDesignName="Lab3_24567707_lib:BPF_Lumped:schematic" DcopOutputNodeVoltages=yes DcopOutputPinCurrents=yes DcopOutputAllSweepPoints=no DcopOutputDcopType=0
C:C1  N__0 N__1 C=321.5 fF 
#uselib "ckt" , "INDQ_Z"
INDQ_Z:L1  N__1 N__8 L=3.224 nH Q=Q F=100.0 MHz Mode=1 Rdc=0.0 Ohm 
#uselib "ckt" , "INDQ_Z"
INDQ_Z:L2  0 N__6 L=197 pH Q=Q F=100.0 MHz Mode=1 Rdc=0.0 Ohm 
C:C2  N__8 N__6 C=1.053 pF 
Port:TermG1  N__0 0 Num=1 Z=50 Ohm Noise=yes 
C:C3  N__8 N__3 C=5.263 pF 
#uselib "ckt" , "INDQ_Z"
INDQ_Z:L3  0 N__3 L=984.7 pH Q=Q F=100.0 MHz Mode=1 Rdc=0.0 Ohm 
C:C4  N__8 N__9 C=321.5 fF 
#uselib "ckt" , "INDQ_Z"
INDQ_Z:L4  N__9 N__7 L=3.224 nH Q=Q F=100.0 MHz Mode=1 Rdc=0.0 Ohm 
Port:TermG2  N__7 0 Num=2 Z=50 Ohm Noise=yes 

Q=20
S_Param:SP1 CalcS=yes CalcY=no CalcZ=no GroupDelayAperture=1e-4 FreqConversion=no FreqConversionPort=1 StatusLevel=2 CalcNoise=no SortNoise=0 BandwidthForNoise=1.0 Hz DevOpPtLevel=0 \
SweepVar="freq" SweepPlan="SP1_stim" OutputPlan="SP1_Output" 

SweepPlan: SP1_stim Start=0 GHz Stop=10.0 GHz Lin=201 

OutputPlan:SP1_Output \
      Type="Output" \
      UseEquationNestLevel=yes \
      EquationNestLevel=2 \
      UseSavedEquationNestLevel=yes \
      SavedEquationNestLevel=2

#load "python","LinearCollapse"
Component Module="LinearCollapse" Type="ModelExtractor" NetworkRepresentation=2
